<?xml version="1.0" encoding="UTF-8"?>
<!-- Generated by org.testng.reporters.JUnitReportReporter -->
<testsuite hostname="e66c958a1a0f" failures="0" tests="9" name="com.vinsguru.tests.vendorportal.VendorPortalTest" time="50.798" errors="0" timestamp="2024-05-20T17:23:13 GMT" skipped="0">
  <testcase classname="com.vinsguru.tests.vendorportal.VendorPortalTest" name="logoutTest" time="5.794"/>
  <testcase classname="com.vinsguru.tests.vendorportal.VendorPortalTest" name="logoutTest" time="6.331"/>
  <testcase classname="com.vinsguru.tests.vendorportal.VendorPortalTest" name="loginTest" time="5.656"/>
  <testcase classname="com.vinsguru.tests.vendorportal.VendorPortalTest" name="logoutTest" time="5.792"/>
  <testcase classname="com.vinsguru.tests.vendorportal.VendorPortalTest" name="dashboardTest" time="5.247"/>
  <testcase classname="com.vinsguru.tests.vendorportal.VendorPortalTest" name="dashboardTest" time="5.204"/>
  <testcase classname="com.vinsguru.tests.vendorportal.VendorPortalTest" name="loginTest" time="5.733"/>
  <testcase classname="com.vinsguru.tests.vendorportal.VendorPortalTest" name="loginTest" time="5.831"/>
  <testcase classname="com.vinsguru.tests.vendorportal.VendorPortalTest" name="dashboardTest" time="5.210"/>
</testsuite> <!-- com.vinsguru.tests.vendorportal.VendorPortalTest -->
